<?xml version="1.0" encoding="UTF-8"?>
<!-- Generated by org.testng.reporters.JUnitXMLReporter -->
<testsuite ignored="0" hostname="DESKTOP-1UPHK9E" failures="0" tests="3" name="ALfuttaim Test Cases" time="174.383" errors="0" timestamp="2023-01-09T00:06:11 IST">
  <testcase classname="com.alfuttaim.qa.testcases.LoginPageTest" name="homePageTitleTest" time="0.096"/>
  <testcase classname="com.alfuttaim.qa.testcases.LoginPageTest" name="ValidateAddToCartProd" time="23.451"/>
  <testcase classname="com.alfuttaim.qa.testcases.LoginPageTest" name="TyCarTest" time="67.234"/>
</testsuite> <!-- ALfuttaim Test Cases -->
