<?xml version="1.0" encoding="UTF-8"?>
<testsuite xmlns:xsi="http://www.w3.org/2001/XMLSchema-instance" xsi:noNamespaceSchemaLocation="https://maven.apache.org/surefire/maven-surefire-plugin/xsd/surefire-test-report.xsd" name="com.alfuttaim.qa.testcases.LoginPageTest" time="40.423" tests="9" errors="0" skipped="8" failures="1">
  <properties>
[...]
</properties>
  <testcase name="setup" classname="com.alfuttaim.qa.testcases.LoginPageTest" time="39.894">
    <failure message="timeout: Timed out receiving message from renderer: 28.106&#10;  (Session info: chrome=108.0.5359.125)&#10;Build info: version: &apos;4.7.0&apos;, revision: &apos;0a5b49d16f&apos;&#10;System info: os.name: &apos;Windows 10&apos;, os.arch: &apos;amd64&apos;, os.version: &apos;10.0&apos;, java.version: &apos;19.0.1&apos;&#10;Driver info: org.openqa.selenium.chrome.ChromeDriver&#10;Command: [bd57c08eedb63d0f9260d2aa6746060a, get {url=https://www.toyota.ae/en/}]&#10;Capabilities {acceptInsecureCerts: false, browserName: chrome, browserVersion: 108.0.5359.125, chrome: {chromedriverVersion: 107.0.5304.62 (1eec40d3a576..., userDataDir: C:\Users\Saurabh\AppData\Lo...}, goog:chromeOptions: {debuggerAddress: localhost:49675}, networkConnectionEnabled: false, pageLoadStrategy: normal, platformName: WINDOWS, proxy: Proxy(), se:cdp: ws://localhost:49675/devtoo..., se:cdpVersion: 108.0.5359.125, setWindowRect: true, strictFileInteractability: false, timeouts: {implicit: 0, pageLoad: 300000, script: 30000}, unhandledPromptBehavior: dismiss and notify, webauthn:extension:credBlob: true, webauthn:extension:largeBlob: true, webauthn:virtualAuthenticators: true}&#10;Session ID: bd57c08eedb63d0f9260d2aa6746060a" type="org.openqa.selenium.TimeoutException">org.openqa.selenium.TimeoutException: 
timeout: Timed out receiving message from renderer: 28.106
  (Session info: chrome=108.0.5359.125)
Build info: version: '4.7.0', revision: '0a5b49d16f'
System info: os.name: 'Windows 10', os.arch: 'amd64', os.version: '10.0', java.version: '19.0.1'
Driver info: org.openqa.selenium.chrome.ChromeDriver
Command: [bd57c08eedb63d0f9260d2aa6746060a, get {url=https://www.toyota.ae/en/}]
Capabilities {acceptInsecureCerts: false, browserName: chrome, browserVersion: 108.0.5359.125, chrome: {chromedriverVersion: 107.0.5304.62 (1eec40d3a576..., userDataDir: C:\Users\Saurabh\AppData\Lo...}, goog:chromeOptions: {debuggerAddress: localhost:49675}, networkConnectionEnabled: false, pageLoadStrategy: normal, platformName: WINDOWS, proxy: Proxy(), se:cdp: ws://localhost:49675/devtoo..., se:cdpVersion: 108.0.5359.125, setWindowRect: true, strictFileInteractability: false, timeouts: {implicit: 0, pageLoad: 300000, script: 30000}, unhandledPromptBehavior: dismiss and notify, webauthn:extension:credBlob: true, webauthn:extension:largeBlob: true, webauthn:virtualAuthenticators: true}
Session ID: bd57c08eedb63d0f9260d2aa6746060a
	at com.alfuttaim.qa.testcases.LoginPageTest.setup(LoginPageTest.java:40)
</failure>
    <system-err><![CDATA[SLF4J: Failed to load class "org.slf4j.impl.StaticLoggerBinder".
SLF4J: Defaulting to no-operation (NOP) logger implementation
SLF4J: See http://www.slf4j.org/codes.html#StaticLoggerBinder for further details.
ERROR StatusLogger Log4j2 could not find a logging implementation. Please add log4j-core to the classpath. Using SimpleLogger to log to the console...
Starting ChromeDriver 107.0.5304.62 (1eec40d3a5764881c92085aaee66d25075c159aa-refs/branch-heads/5304@{#942}) on port 33224
Only local connections are allowed.
Please see https://chromedriver.chromium.org/security-considerations for suggestions on keeping ChromeDriver safe.
ChromeDriver was started successfully.
[1673444399.178][WARNING]: This version of ChromeDriver has not been tested with Chrome version 108.
[1673444430.114][SEVERE]: Timed out receiving message from renderer: 28.106
[1673444430.157][SEVERE]: Timed out receiving message from renderer: 28.106
]]></system-err>
  </testcase>
  <testcase name="setup" classname="com.alfuttaim.qa.testcases.LoginPageTest" time="0">
    <skipped/>
  </testcase>
  <testcase name="setup" classname="com.alfuttaim.qa.testcases.LoginPageTest" time="0">
    <skipped/>
  </testcase>
  <testcase name="homePageTitleTest" classname="com.alfuttaim.qa.testcases.LoginPageTest" time="0">
    <skipped message="timeout: Timed out receiving message from renderer: 28.106&#10;  (Session info: chrome=108.0.5359.125)&#10;Build info: version: &apos;4.7.0&apos;, revision: &apos;0a5b49d16f&apos;&#10;System info: os.name: &apos;Windows 10&apos;, os.arch: &apos;amd64&apos;, os.version: &apos;10.0&apos;, java.version: &apos;19.0.1&apos;&#10;Driver info: org.openqa.selenium.chrome.ChromeDriver&#10;Command: [bd57c08eedb63d0f9260d2aa6746060a, get {url=https://www.toyota.ae/en/}]&#10;Capabilities {acceptInsecureCerts: false, browserName: chrome, browserVersion: 108.0.5359.125, chrome: {chromedriverVersion: 107.0.5304.62 (1eec40d3a576..., userDataDir: C:\Users\Saurabh\AppData\Lo...}, goog:chromeOptions: {debuggerAddress: localhost:49675}, networkConnectionEnabled: false, pageLoadStrategy: normal, platformName: WINDOWS, proxy: Proxy(), se:cdp: ws://localhost:49675/devtoo..., se:cdpVersion: 108.0.5359.125, setWindowRect: true, strictFileInteractability: false, timeouts: {implicit: 0, pageLoad: 300000, script: 30000}, unhandledPromptBehavior: dismiss and notify, webauthn:extension:credBlob: true, webauthn:extension:largeBlob: true, webauthn:virtualAuthenticators: true}&#10;Session ID: bd57c08eedb63d0f9260d2aa6746060a"/>
  </testcase>
  <testcase name="teardown" classname="com.alfuttaim.qa.testcases.LoginPageTest" time="0">
    <skipped/>
  </testcase>
  <testcase name="teardown" classname="com.alfuttaim.qa.testcases.LoginPageTest" time="0">
    <skipped/>
  </testcase>
  <testcase name="teardown" classname="com.alfuttaim.qa.testcases.LoginPageTest" time="0">
    <skipped/>
  </testcase>
  <testcase name="ValidateAddToCartProd" classname="com.alfuttaim.qa.testcases.LoginPageTest" time="0">
    <skipped message="timeout: Timed out receiving message from renderer: 28.106&#10;  (Session info: chrome=108.0.5359.125)&#10;Build info: version: &apos;4.7.0&apos;, revision: &apos;0a5b49d16f&apos;&#10;System info: os.name: &apos;Windows 10&apos;, os.arch: &apos;amd64&apos;, os.version: &apos;10.0&apos;, java.version: &apos;19.0.1&apos;&#10;Driver info: org.openqa.selenium.chrome.ChromeDriver&#10;Command: [bd57c08eedb63d0f9260d2aa6746060a, get {url=https://www.toyota.ae/en/}]&#10;Capabilities {acceptInsecureCerts: false, browserName: chrome, browserVersion: 108.0.5359.125, chrome: {chromedriverVersion: 107.0.5304.62 (1eec40d3a576..., userDataDir: C:\Users\Saurabh\AppData\Lo...}, goog:chromeOptions: {debuggerAddress: localhost:49675}, networkConnectionEnabled: false, pageLoadStrategy: normal, platformName: WINDOWS, proxy: Proxy(), se:cdp: ws://localhost:49675/devtoo..., se:cdpVersion: 108.0.5359.125, setWindowRect: true, strictFileInteractability: false, timeouts: {implicit: 0, pageLoad: 300000, script: 30000}, unhandledPromptBehavior: dismiss and notify, webauthn:extension:credBlob: true, webauthn:extension:largeBlob: true, webauthn:virtualAuthenticators: true}&#10;Session ID: bd57c08eedb63d0f9260d2aa6746060a"/>
  </testcase>
  <testcase name="TyCarTest" classname="com.alfuttaim.qa.testcases.LoginPageTest" time="0">
    <skipped message="timeout: Timed out receiving message from renderer: 28.106&#10;  (Session info: chrome=108.0.5359.125)&#10;Build info: version: &apos;4.7.0&apos;, revision: &apos;0a5b49d16f&apos;&#10;System info: os.name: &apos;Windows 10&apos;, os.arch: &apos;amd64&apos;, os.version: &apos;10.0&apos;, java.version: &apos;19.0.1&apos;&#10;Driver info: org.openqa.selenium.chrome.ChromeDriver&#10;Command: [bd57c08eedb63d0f9260d2aa6746060a, get {url=https://www.toyota.ae/en/}]&#10;Capabilities {acceptInsecureCerts: false, browserName: chrome, browserVersion: 108.0.5359.125, chrome: {chromedriverVersion: 107.0.5304.62 (1eec40d3a576..., userDataDir: C:\Users\Saurabh\AppData\Lo...}, goog:chromeOptions: {debuggerAddress: localhost:49675}, networkConnectionEnabled: false, pageLoadStrategy: normal, platformName: WINDOWS, proxy: Proxy(), se:cdp: ws://localhost:49675/devtoo..., se:cdpVersion: 108.0.5359.125, setWindowRect: true, strictFileInteractability: false, timeouts: {implicit: 0, pageLoad: 300000, script: 30000}, unhandledPromptBehavior: dismiss and notify, webauthn:extension:credBlob: true, webauthn:extension:largeBlob: true, webauthn:virtualAuthenticators: true}&#10;Session ID: bd57c08eedb63d0f9260d2aa6746060a"/>
  </testcase>
</testsuite>