<?xml version="1.0" encoding="UTF-8"?>
<testng-results ignored="0" total="3" passed="2" failed="1" skipped="0">
  <reporter-output>
  </reporter-output>
  <suite started-at="2023-01-11T18:52:45 IST" name="Default suite" finished-at="2023-01-11T18:56:01 IST" duration-ms="195743">
    <groups>
    </groups>
    <test started-at="2023-01-11T18:52:45 IST" name="Default test" finished-at="2023-01-11T18:56:01 IST" duration-ms="195743">
      <class name="com.alfuttaim.qa.testcases.LoginPageTest">
        <test-method is-config="true" signature="setup()[pri:0, instance:com.alfuttaim.qa.testcases.LoginPageTest@7ec7ffd3]" started-at="2023-01-11T18:52:45 IST" name="setup" finished-at="2023-01-11T18:53:20 IST" duration-ms="35246" status="PASS">
          <reporter-output>
          </reporter-output>
        </test-method> <!-- setup -->
        <test-method signature="homePageTitleTest()[pri:1, instance:com.alfuttaim.qa.testcases.LoginPageTest@7ec7ffd3]" started-at="2023-01-11T18:53:20 IST" name="homePageTitleTest" finished-at="2023-01-11T18:53:23 IST" duration-ms="2182" status="PASS">
          <reporter-output>
          </reporter-output>
        </test-method> <!-- homePageTitleTest -->
        <test-method is-config="true" signature="teardown()[pri:0, instance:com.alfuttaim.qa.testcases.LoginPageTest@7ec7ffd3]" started-at="2023-01-11T18:53:23 IST" name="teardown" finished-at="2023-01-11T18:53:24 IST" duration-ms="1178" status="PASS">
          <reporter-output>
          </reporter-output>
        </test-method> <!-- teardown -->
        <test-method is-config="true" signature="setup()[pri:0, instance:com.alfuttaim.qa.testcases.LoginPageTest@7ec7ffd3]" started-at="2023-01-11T18:53:24 IST" name="setup" finished-at="2023-01-11T18:53:55 IST" duration-ms="31648" status="PASS">
          <reporter-output>
          </reporter-output>
        </test-method> <!-- setup -->
        <test-method signature="ValidateAddToCartProd()[pri:2, instance:com.alfuttaim.qa.testcases.LoginPageTest@7ec7ffd3]" started-at="2023-01-11T18:53:55 IST" name="ValidateAddToCartProd" finished-at="2023-01-11T18:54:25 IST" duration-ms="29933" status="PASS">
          <reporter-output>
          </reporter-output>
        </test-method> <!-- ValidateAddToCartProd -->
        <test-method is-config="true" signature="teardown()[pri:0, instance:com.alfuttaim.qa.testcases.LoginPageTest@7ec7ffd3]" started-at="2023-01-11T18:54:25 IST" name="teardown" finished-at="2023-01-11T18:54:27 IST" duration-ms="1439" status="PASS">
          <reporter-output>
          </reporter-output>
        </test-method> <!-- teardown -->
        <test-method is-config="true" signature="setup()[pri:0, instance:com.alfuttaim.qa.testcases.LoginPageTest@7ec7ffd3]" started-at="2023-01-11T18:54:27 IST" name="setup" finished-at="2023-01-11T18:54:58 IST" duration-ms="31474" status="PASS">
          <reporter-output>
          </reporter-output>
        </test-method> <!-- setup -->
        <test-method signature="TyCarTest()[pri:3, instance:com.alfuttaim.qa.testcases.LoginPageTest@7ec7ffd3]" started-at="2023-01-11T18:54:58 IST" name="TyCarTest" finished-at="2023-01-11T18:55:59 IST" duration-ms="60712" status="FAIL">
          <exception class="org.openqa.selenium.ElementClickInterceptedException">
            <message>
              <![CDATA[element click intercepted: Element <span>...</span> is not clickable at point (1100, 601). Other element would receive the click: <div class="AlertNotificationBar_bannerWrapper__1ynUg">...</div>
  (Session info: chrome=108.0.5359.125)
Build info: version: '4.7.0', revision: '0a5b49d16f'
System info: os.name: 'Windows 10', os.arch: 'amd64', os.version: '10.0', java.version: '19.0.1'
Driver info: org.openqa.selenium.chrome.ChromeDriver
Command: [1b1f971820607783a6a57644bbd1a98a, clickElement {id=ad14de88-6939-42f6-8749-88927bfeaa35}]
Capabilities {acceptInsecureCerts: false, browserName: chrome, browserVersion: 108.0.5359.125, chrome: {chromedriverVersion: 107.0.5304.62 (1eec40d3a576..., userDataDir: C:\Users\Saurabh\AppData\Lo...}, goog:chromeOptions: {debuggerAddress: localhost:49402}, networkConnectionEnabled: false, pageLoadStrategy: normal, platformName: WINDOWS, proxy: Proxy(), se:cdp: ws://localhost:49402/devtoo..., se:cdpVersion: 108.0.5359.125, setWindowRect: true, strictFileInteractability: false, timeouts: {implicit: 0, pageLoad: 300000, script: 30000}, unhandledPromptBehavior: dismiss and notify, webauthn:extension:credBlob: true, webauthn:extension:largeBlob: true, webauthn:virtualAuthenticators: true}
Element: [[ChromeDriver: chrome on WINDOWS (1b1f971820607783a6a57644bbd1a98a)] -> xpath: //span[text()='Buy now']]
Session ID: 1b1f971820607783a6a57644bbd1a98a]]>
            </message>
            <full-stacktrace>
              <![CDATA[org.openqa.selenium.ElementClickInterceptedException: element click intercepted: Element <span>...</span> is not clickable at point (1100, 601). Other element would receive the click: <div class="AlertNotificationBar_bannerWrapper__1ynUg">...</div>
  (Session info: chrome=108.0.5359.125)
Build info: version: '4.7.0', revision: '0a5b49d16f'
System info: os.name: 'Windows 10', os.arch: 'amd64', os.version: '10.0', java.version: '19.0.1'
Driver info: org.openqa.selenium.chrome.ChromeDriver
Command: [1b1f971820607783a6a57644bbd1a98a, clickElement {id=ad14de88-6939-42f6-8749-88927bfeaa35}]
Capabilities {acceptInsecureCerts: false, browserName: chrome, browserVersion: 108.0.5359.125, chrome: {chromedriverVersion: 107.0.5304.62 (1eec40d3a576..., userDataDir: C:\Users\Saurabh\AppData\Lo...}, goog:chromeOptions: {debuggerAddress: localhost:49402}, networkConnectionEnabled: false, pageLoadStrategy: normal, platformName: WINDOWS, proxy: Proxy(), se:cdp: ws://localhost:49402/devtoo..., se:cdpVersion: 108.0.5359.125, setWindowRect: true, strictFileInteractability: false, timeouts: {implicit: 0, pageLoad: 300000, script: 30000}, unhandledPromptBehavior: dismiss and notify, webauthn:extension:credBlob: true, webauthn:extension:largeBlob: true, webauthn:virtualAuthenticators: true}
Element: [[ChromeDriver: chrome on WINDOWS (1b1f971820607783a6a57644bbd1a98a)] -> xpath: //span[text()='Buy now']]
Session ID: 1b1f971820607783a6a57644bbd1a98a
at java.base/jdk.internal.reflect.DirectConstructorHandleAccessor.newInstance(DirectConstructorHandleAccessor.java:67)
at java.base/java.lang.reflect.Constructor.newInstanceWithCaller(Constructor.java:500)
at java.base/java.lang.reflect.Constructor.newInstance(Constructor.java:484)
at org.openqa.selenium.remote.codec.w3c.W3CHttpResponseCodec.createException(W3CHttpResponseCodec.java:200)
at org.openqa.selenium.remote.codec.w3c.W3CHttpResponseCodec.decode(W3CHttpResponseCodec.java:133)
at org.openqa.selenium.remote.codec.w3c.W3CHttpResponseCodec.decode(W3CHttpResponseCodec.java:53)
at org.openqa.selenium.remote.HttpCommandExecutor.execute(HttpCommandExecutor.java:184)
at org.openqa.selenium.remote.service.DriverCommandExecutor.invokeExecute(DriverCommandExecutor.java:167)
at org.openqa.selenium.remote.service.DriverCommandExecutor.execute(DriverCommandExecutor.java:142)
at org.openqa.selenium.remote.RemoteWebDriver.execute(RemoteWebDriver.java:541)
at org.openqa.selenium.remote.RemoteWebElement.execute(RemoteWebElement.java:257)
at org.openqa.selenium.remote.RemoteWebElement.click(RemoteWebElement.java:78)
at java.base/jdk.internal.reflect.DirectMethodHandleAccessor.invoke(DirectMethodHandleAccessor.java:104)
at java.base/java.lang.reflect.Method.invoke(Method.java:578)
at org.openqa.selenium.support.pagefactory.internal.LocatingElementHandler.invoke(LocatingElementHandler.java:52)
at jdk.proxy2/jdk.proxy2.$Proxy17.click(Unknown Source)
at com.alfuttaim.qa.pages.LoginPage.BuyNow(LoginPage.java:181)
at com.alfuttaim.qa.testcases.LoginPageTest.TyCarTest(LoginPageTest.java:121)
at java.base/jdk.internal.reflect.DirectMethodHandleAccessor.invoke(DirectMethodHandleAccessor.java:104)
at java.base/java.lang.reflect.Method.invoke(Method.java:578)
at org.testng.internal.invokers.MethodInvocationHelper.invokeMethod(MethodInvocationHelper.java:135)
at org.testng.internal.invokers.TestInvoker.invokeMethod(TestInvoker.java:673)
at org.testng.internal.invokers.TestInvoker.invokeTestMethod(TestInvoker.java:220)
at org.testng.internal.invokers.MethodRunner.runInSequence(MethodRunner.java:50)
at org.testng.internal.invokers.TestInvoker$MethodInvocationAgent.invoke(TestInvoker.java:945)
at org.testng.internal.invokers.TestInvoker.invokeTestMethods(TestInvoker.java:193)
at org.testng.internal.invokers.TestMethodWorker.invokeTestMethods(TestMethodWorker.java:146)
at org.testng.internal.invokers.TestMethodWorker.run(TestMethodWorker.java:128)
at java.base/java.util.ArrayList.forEach(ArrayList.java:1511)
at org.testng.TestRunner.privateRun(TestRunner.java:808)
at org.testng.TestRunner.run(TestRunner.java:603)
at org.testng.SuiteRunner.runTest(SuiteRunner.java:429)
at org.testng.SuiteRunner.runSequentially(SuiteRunner.java:423)
at org.testng.SuiteRunner.privateRun(SuiteRunner.java:383)
at org.testng.SuiteRunner.run(SuiteRunner.java:326)
at org.testng.SuiteRunnerWorker.runSuite(SuiteRunnerWorker.java:52)
at org.testng.SuiteRunnerWorker.run(SuiteRunnerWorker.java:95)
at org.testng.TestNG.runSuitesSequentially(TestNG.java:1249)
at org.testng.TestNG.runSuitesLocally(TestNG.java:1169)
at org.testng.TestNG.runSuites(TestNG.java:1092)
at org.testng.TestNG.run(TestNG.java:1060)
at org.testng.remote.AbstractRemoteTestNG.run(AbstractRemoteTestNG.java:115)
at org.testng.remote.RemoteTestNG.initAndRun(RemoteTestNG.java:251)
at org.testng.remote.RemoteTestNG.main(RemoteTestNG.java:77)
]]>
            </full-stacktrace>
          </exception> <!-- org.openqa.selenium.ElementClickInterceptedException -->
          <reporter-output>
          </reporter-output>
        </test-method> <!-- TyCarTest -->
        <test-method is-config="true" signature="teardown()[pri:0, instance:com.alfuttaim.qa.testcases.LoginPageTest@7ec7ffd3]" started-at="2023-01-11T18:56:00 IST" name="teardown" finished-at="2023-01-11T18:56:01 IST" duration-ms="981" status="PASS">
          <reporter-output>
          </reporter-output>
        </test-method> <!-- teardown -->
      </class> <!-- com.alfuttaim.qa.testcases.LoginPageTest -->
    </test> <!-- Default test -->
  </suite> <!-- Default suite -->
</testng-results>
